<?xml version="1.0" encoding="UTF-8"?>
<testng-results ignored="0" total="1" passed="1" failed="0" skipped="0">
  <reporter-output>
  </reporter-output>
  <suite started-at="2021-04-28T18:07:07Z" name="Default suite" finished-at="2021-04-28T18:09:28Z" duration-ms="141577">
    <groups>
    </groups>
    <test started-at="2021-04-28T18:07:07Z" name="Default test" finished-at="2021-04-28T18:09:28Z" duration-ms="141577">
      <class name="Practiceselinum.TestNG1.Ather_1">
        <test-method is-config="true" signature="OpenBrowser()[pri:0, instance:Practiceselinum.TestNG1.Ather_1@7690781]" started-at="2021-04-28T18:06:22Z" name="OpenBrowser" finished-at="2021-04-28T18:07:07Z" duration-ms="44387" status="PASS">
          <reporter-output>
          </reporter-output>
        </test-method> <!-- OpenBrowser -->
        <test-method is-config="true" signature="OpentheURl()[pri:0, instance:Practiceselinum.TestNG1.Ather_1@7690781]" started-at="2021-04-28T18:07:07Z" name="OpentheURl" finished-at="2021-04-28T18:07:35Z" duration-ms="28425" status="PASS">
          <reporter-output>
          </reporter-output>
        </test-method> <!-- OpentheURl -->
        <test-method signature="Flogin_page()[pri:0, instance:Practiceselinum.TestNG1.Ather_1@7690781]" started-at="2021-04-28T18:07:35Z" name="Flogin_page" finished-at="2021-04-28T18:09:25Z" duration-ms="110035" status="PASS">
          <reporter-output>
          </reporter-output>
        </test-method> <!-- Flogin_page -->
        <test-method is-config="true" signature="afterMethod()[pri:0, instance:Practiceselinum.TestNG1.Ather_1@7690781]" started-at="2021-04-28T18:09:25Z" name="afterMethod" finished-at="2021-04-28T18:09:28Z" duration-ms="3001" status="PASS">
          <reporter-output>
          </reporter-output>
        </test-method> <!-- afterMethod -->
        <test-method is-config="true" signature="afterSuite1()[pri:0, instance:Practiceselinum.TestNG1.Ather_1@7690781]" started-at="2021-04-28T18:09:29Z" name="afterSuite1" finished-at="2021-04-28T18:09:32Z" duration-ms="3055" status="PASS">
          <reporter-output>
          </reporter-output>
        </test-method> <!-- afterSuite1 -->
      </class> <!-- Practiceselinum.TestNG1.Ather_1 -->
    </test> <!-- Default test -->
  </suite> <!-- Default suite -->
</testng-results>
